<?xml version="1.0" encoding="UTF-8"?>
<!-- Generated by org.testng.reporters.JUnitXMLReporter -->
<testsuite ignored="0" hostname="Shahid" failures="0" tests="4" name="Test1" time="82.786" errors="0" timestamp="2023-03-13T11:50:28 IST">
  <testcase classname="testcases.LoginTest" name="LogiFailureTest" time="14.385"/>
  <testcase classname="testcases.LoginTest" name="LoginSuccessTest" time="14.516"/>
  <testcase classname="testcases.LoginTest" name="excelTestData" time="15.048"/>
  <testcase classname="testcases.LoginTest" name="paramTest" time="14.479"/>
</testsuite> <!-- Test1 -->
