<?xml version="1.0" encoding="UTF-8"?>
<testng-results ignored="0" total="4" passed="4" failed="0" skipped="0">
  <reporter-output>
  </reporter-output>
  <suite started-at="2023-03-13T11:49:05 IST" name="Suite" finished-at="2023-03-13T11:50:28 IST" duration-ms="82786">
    <groups>
    </groups>
    <test started-at="2023-03-13T11:49:05 IST" name="Test1" finished-at="2023-03-13T11:50:28 IST" duration-ms="82786">
      <class name="testcases.LoginTest">
        <test-method is-config="true" signature="testData()[pri:0, instance:testcases.LoginTest@742ff096]" started-at="2023-03-13T11:49:05 IST" name="testData" finished-at="2023-03-13T11:49:06 IST" duration-ms="598" status="PASS">
          <reporter-output>
          </reporter-output>
        </test-method> <!-- testData -->
        <test-method is-config="true" signature="SetUp()[pri:0, instance:testcases.LoginTest@742ff096]" started-at="2023-03-13T11:49:06 IST" name="SetUp" finished-at="2023-03-13T11:49:10 IST" duration-ms="4596" status="PASS">
          <reporter-output>
          </reporter-output>
        </test-method> <!-- SetUp -->
        <test-method signature="LogiFailureTest()[pri:0, instance:testcases.LoginTest@742ff096]" started-at="2023-03-13T11:49:10 IST" name="LogiFailureTest" finished-at="2023-03-13T11:49:25 IST" duration-ms="14385" status="PASS">
          <reporter-output>
          </reporter-output>
        </test-method> <!-- LogiFailureTest -->
        <test-method is-config="true" signature="QuitBrowser()[pri:0, instance:testcases.LoginTest@742ff096]" started-at="2023-03-13T11:49:25 IST" name="QuitBrowser" finished-at="2023-03-13T11:49:26 IST" duration-ms="1441" status="PASS">
          <reporter-output>
          </reporter-output>
        </test-method> <!-- QuitBrowser -->
        <test-method is-config="true" signature="SetUp()[pri:0, instance:testcases.LoginTest@742ff096]" started-at="2023-03-13T11:49:26 IST" name="SetUp" finished-at="2023-03-13T11:49:31 IST" duration-ms="4454" status="PASS">
          <reporter-output>
          </reporter-output>
        </test-method> <!-- SetUp -->
        <test-method signature="LoginSuccessTest()[pri:0, instance:testcases.LoginTest@742ff096]" started-at="2023-03-13T11:49:31 IST" name="LoginSuccessTest" finished-at="2023-03-13T11:49:45 IST" duration-ms="14516" status="PASS">
          <reporter-output>
          </reporter-output>
        </test-method> <!-- LoginSuccessTest -->
        <test-method is-config="true" signature="QuitBrowser()[pri:0, instance:testcases.LoginTest@742ff096]" started-at="2023-03-13T11:49:45 IST" name="QuitBrowser" finished-at="2023-03-13T11:49:46 IST" duration-ms="1392" status="PASS">
          <reporter-output>
          </reporter-output>
        </test-method> <!-- QuitBrowser -->
        <test-method is-config="true" signature="SetUp()[pri:0, instance:testcases.LoginTest@742ff096]" started-at="2023-03-13T11:49:46 IST" name="SetUp" finished-at="2023-03-13T11:49:51 IST" duration-ms="4556" status="PASS">
          <reporter-output>
          </reporter-output>
        </test-method> <!-- SetUp -->
        <test-method signature="excelTestData()[pri:0, instance:testcases.LoginTest@742ff096]" started-at="2023-03-13T11:49:51 IST" name="excelTestData" finished-at="2023-03-13T11:50:06 IST" duration-ms="15048" status="PASS">
          <reporter-output>
          </reporter-output>
        </test-method> <!-- excelTestData -->
        <test-method is-config="true" signature="QuitBrowser()[pri:0, instance:testcases.LoginTest@742ff096]" started-at="2023-03-13T11:50:06 IST" name="QuitBrowser" finished-at="2023-03-13T11:50:07 IST" duration-ms="1390" status="PASS">
          <reporter-output>
          </reporter-output>
        </test-method> <!-- QuitBrowser -->
        <test-method is-config="true" signature="SetUp()[pri:0, instance:testcases.LoginTest@742ff096]" started-at="2023-03-13T11:50:07 IST" name="SetUp" finished-at="2023-03-13T11:50:12 IST" duration-ms="4203" status="PASS">
          <reporter-output>
          </reporter-output>
        </test-method> <!-- SetUp -->
        <test-method signature="paramTest(java.lang.String,java.lang.String)[pri:0, instance:testcases.LoginTest@742ff096]" started-at="2023-03-13T11:50:12 IST" name="paramTest" finished-at="2023-03-13T11:50:26 IST" duration-ms="14479" status="PASS">
          <params>
            <param index="0">
              <value>
                <![CDATA[prasad@gmail.com]]>
              </value>
            </param>
            <param index="1">
              <value>
                <![CDATA[Test!2345]]>
              </value>
            </param>
          </params>
          <reporter-output>
          </reporter-output>
        </test-method> <!-- paramTest -->
        <test-method is-config="true" signature="QuitBrowser()[pri:0, instance:testcases.LoginTest@742ff096]" started-at="2023-03-13T11:50:26 IST" name="QuitBrowser" finished-at="2023-03-13T11:50:27 IST" duration-ms="1181" status="PASS">
          <reporter-output>
          </reporter-output>
        </test-method> <!-- QuitBrowser -->
        <test-method is-config="true" signature="dataclose()[pri:0, instance:testcases.LoginTest@742ff096]" started-at="2023-03-13T11:50:27 IST" name="dataclose" finished-at="2023-03-13T11:50:28 IST" duration-ms="491" status="PASS">
          <reporter-output>
          </reporter-output>
        </test-method> <!-- dataclose -->
      </class> <!-- testcases.LoginTest -->
    </test> <!-- Test1 -->
  </suite> <!-- Suite -->
</testng-results>
