<?xml version="1.0" encoding="UTF-8"?>
<!-- Generated by org.testng.reporters.JUnitXMLReporter -->
<testsuite ignored="0" hostname="Shahid" failures="0" tests="4" name="Test1" time="105.273" errors="0" timestamp="2023-03-13T11:55:11 IST">
  <testcase classname="testcases.LoginTest" name="LogiFailureTest" time="24.658"/>
  <testcase classname="testcases.LoginTest" name="LoginSuccessTest" time="18.074"/>
  <testcase classname="testcases.LoginTest" name="excelTestData" time="14.897"/>
  <testcase classname="testcases.LoginTest" name="paramTest" time="16.165"/>
</testsuite> <!-- Test1 -->
