<?xml version="1.0" encoding="UTF-8"?>
<testsuite xmlns:xsi="http://www.w3.org/2001/XMLSchema-instance" xsi:noNamespaceSchemaLocation="https://maven.apache.org/surefire/maven-surefire-plugin/xsd/surefire-test-report-3.0.xsd" version="3.0" name="TestSuite" time="106.112" tests="4" errors="0" skipped="0" failures="0">
  <properties>
[...]
</properties>
  <testcase name="LogiFailureTest" classname="testcases.LoginTest" time="24.659">
    <system-out><![CDATA[The email or password you have entered is invalid.
]]></system-out>
    <system-err><![CDATA[1678688607478	geckodriver	INFO	Listening on 127.0.0.1:17726
1678688607655	mozrunner::runner	INFO	Running command: "C:\\Program Files\\Mozilla Firefox\\firefox.exe" "--marionette" "-no-remote" "-profile" "C:\\Users\\SHAHID~1\\AppData\\Local\\Temp\\rust_mozprofileLrq0H1"
console.warn: services.settings: Ignoring preference override of remote settings server
console.warn: services.settings: Allow by setting MOZ_REMOTE_SETTINGS_DEVTOOLS=1 in the environment
1678688608084	Marionette	INFO	Marionette enabled
Dynamically enable window occlusion 0
1678688608091	Marionette	INFO	Listening on port 57219
Read port: 57219
1678688608421	RemoteAgent	WARN	TLS certificate errors will be ignored for this session
console.warn: SearchSettings: "get: No settings file exists, new profile?" (new NotFoundError("Could not open the file at C:\\Users\\SHAHID~1\\AppData\\Local\\Temp\\rust_mozprofileLrq0H1\\search.json.mozlz4", (void 0)))
Mar 13, 2023 11:53:30 AM org.openqa.selenium.remote.ProtocolHandshake createSession
INFO: Detected dialect: W3C
1678688624661	Marionette	WARN	Ignoring event 'pageshow' because document has an invalid readyState of 'interactive'.
JavaScript warning: https://cdn-jp.gsecondscreen.com/static/tac.min.js, line 3: unreachable code after return statement
1678688627695	Marionette	WARN	Ignoring event 'DOMContentLoaded' because document has an invalid readyState of 'complete'.
JavaScript warning: https://accounts.simplilearn.com/user/login?redirect_url=https%3A%2F%2Flms.simplilearn.com%2F, line 748: unreachable code after return statement
1678688634682	Marionette	WARN	Ignoring event 'pageshow' because document has an invalid readyState of 'interactive'.
console.warn: LoginRecipes: "Falling back to a synchronous message for: https://accounts.simplilearn.com."
1678688635516	Marionette	WARN	TimedPromise timed out after 500 ms: stacktrace:
TimedPromise/<@chrome://remote/content/marionette/sync.sys.mjs:219:24
TimedPromise@chrome://remote/content/marionette/sync.sys.mjs:204:10
interaction.flushEventLoop@chrome://remote/content/marionette/interaction.sys.mjs:425:10
webdriverClickElement@chrome://remote/content/marionette/interaction.sys.mjs:173:31
console.warn: LoginRecipes: "Falling back to a synchronous message for: https://accounts.simplilearn.com."
JavaScript warning: https://accounts.simplilearn.com/user/login?redirect_url=https%3A%2F%2Flms.simplilearn.com%2F, line 748: unreachable code after return statement
1678688637524	Marionette	WARN	Ignoring event 'pageshow' because document has an invalid readyState of 'interactive'.
JavaScript error: https://cfaccounts.simplicdn.net/core/js/utility.1660046122.js, line 71: SyntaxError: JSON.parse: unexpected character at line 1 column 1 of the JSON data
]]></system-err>
  </testcase>
  <testcase name="LoginSuccessTest" classname="testcases.LoginTest" time="18.075">
    <system-err><![CDATA[1678688641386	Marionette	INFO	Stopped listening on port 57219
Dynamically enable window occlusion 1
1678688642828	geckodriver	INFO	Listening on 127.0.0.1:41610
1678688642866	mozrunner::runner	INFO	Running command: "C:\\Program Files\\Mozilla Firefox\\firefox.exe" "--marionette" "-no-remote" "-profile" "C:\\Users\\SHAHID~1\\AppData\\Local\\Temp\\rust_mozprofileXHULrE"
console.warn: services.settings: Ignoring preference override of remote settings server
console.warn: services.settings: Allow by setting MOZ_REMOTE_SETTINGS_DEVTOOLS=1 in the environment
1678688643327	Marionette	INFO	Marionette enabled
Dynamically enable window occlusion 0
1678688643332	Marionette	INFO	Listening on port 57407
Read port: 57407
1678688643689	RemoteAgent	WARN	TLS certificate errors will be ignored for this session
console.warn: SearchSettings: "get: No settings file exists, new profile?" (new NotFoundError("Could not open the file at C:\\Users\\SHAHID~1\\AppData\\Local\\Temp\\rust_mozprofileXHULrE\\search.json.mozlz4", (void 0)))
Mar 13, 2023 11:54:05 AM org.openqa.selenium.remote.ProtocolHandshake createSession
INFO: Detected dialect: W3C
1678688656579	Marionette	WARN	Ignoring event 'pageshow' because document has an invalid readyState of 'interactive'.
1678688656640	Marionette	WARN	Ignoring event 'DOMContentLoaded' because document has an invalid readyState of 'complete'.
JavaScript warning: https://accounts.simplilearn.com/user/login?redirect_url=https%3A%2F%2Flms.simplilearn.com%2F, line 748: unreachable code after return statement
1678688660295	Marionette	WARN	Ignoring event 'pageshow' because document has an invalid readyState of 'interactive'.
JavaScript error: https://cfaccounts.simplicdn.net/core/js/utility.1660046122.js, line 71: SyntaxError: JSON.parse: unexpected character at line 1 column 1 of the JSON data
console.warn: LoginRecipes: "Falling back to a synchronous message for: https://accounts.simplilearn.com."
console.warn: LoginRecipes: "Falling back to a synchronous message for: https://accounts.simplilearn.com."
JavaScript warning: https://accounts.simplilearn.com/user/login?redirect_url=https%3A%2F%2Flms.simplilearn.com%2F, line 748: unreachable code after return statement
1678688666321	Marionette	WARN	Ignoring event 'pageshow' because document has an invalid readyState of 'interactive'.
JavaScript error: https://cfaccounts.simplicdn.net/core/js/utility.1660046122.js, line 71: SyntaxError: JSON.parse: unexpected character at line 1 column 1 of the JSON data
]]></system-err>
  </testcase>
  <testcase name="excelTestData" classname="testcases.LoginTest" time="14.897">
    <system-err><![CDATA[1678688668258	Marionette	INFO	Stopped listening on port 57407
Dynamically enable window occlusion 1
1678688669662	geckodriver	INFO	Listening on 127.0.0.1:15709
1678688669676	mozrunner::runner	INFO	Running command: "C:\\Program Files\\Mozilla Firefox\\firefox.exe" "--marionette" "-no-remote" "-profile" "C:\\Users\\SHAHID~1\\AppData\\Local\\Temp\\rust_mozprofileaAzMJS"
console.warn: services.settings: Ignoring preference override of remote settings server
console.warn: services.settings: Allow by setting MOZ_REMOTE_SETTINGS_DEVTOOLS=1 in the environment
1678688670109	Marionette	INFO	Marionette enabled
Dynamically enable window occlusion 0
1678688670115	Marionette	INFO	Listening on port 57532
Read port: 57532
1678688670548	RemoteAgent	WARN	TLS certificate errors will be ignored for this session
console.warn: SearchSettings: "get: No settings file exists, new profile?" (new NotFoundError("Could not open the file at C:\\Users\\SHAHID~1\\AppData\\Local\\Temp\\rust_mozprofileaAzMJS\\search.json.mozlz4", (void 0)))
Mar 13, 2023 11:54:32 AM org.openqa.selenium.remote.ProtocolHandshake createSession
INFO: Detected dialect: W3C
1678688679986	Marionette	WARN	Ignoring event 'pageshow' because document has an invalid readyState of 'interactive'.
JavaScript warning: https://cdn-jp.gsecondscreen.com/static/tac.min.js, line 3: unreachable code after return statement
1678688681010	Marionette	WARN	Ignoring event 'DOMContentLoaded' because document has an invalid readyState of 'complete'.
JavaScript warning: https://accounts.simplilearn.com/user/login?redirect_url=https%3A%2F%2Flms.simplilearn.com%2F, line 748: unreachable code after return statement
1678688683670	Marionette	WARN	Ignoring event 'pageshow' because document has an invalid readyState of 'interactive'.
JavaScript error: https://cfaccounts.simplicdn.net/core/js/utility.1660046122.js, line 71: SyntaxError: JSON.parse: unexpected character at line 1 column 1 of the JSON data
console.warn: LoginRecipes: "Falling back to a synchronous message for: https://accounts.simplilearn.com."
console.warn: LoginRecipes: "Falling back to a synchronous message for: https://accounts.simplilearn.com."
JavaScript warning: https://accounts.simplilearn.com/user/login?redirect_url=https%3A%2F%2Flms.simplilearn.com%2F, line 748: unreachable code after return statement
1678688687178	Marionette	WARN	Ignoring event 'pageshow' because document has an invalid readyState of 'interactive'.
JavaScript error: https://cfaccounts.simplicdn.net/core/js/utility.1660046122.js, line 71: SyntaxError: JSON.parse: unexpected character at line 1 column 1 of the JSON data
]]></system-err>
  </testcase>
  <testcase name="paramTest[prasad@gmail.com, Test!2345](1)" classname="testcases.LoginTest" time="16.165">
    <system-err><![CDATA[1678688688743	Marionette	INFO	Stopped listening on port 57532
Dynamically enable window occlusion 1
1678688690107	geckodriver	INFO	Listening on 127.0.0.1:54928
1678688690126	mozrunner::runner	INFO	Running command: "C:\\Program Files\\Mozilla Firefox\\firefox.exe" "--marionette" "-no-remote" "-profile" "C:\\Users\\SHAHID~1\\AppData\\Local\\Temp\\rust_mozprofile6esDK2"
console.warn: services.settings: Ignoring preference override of remote settings server
console.warn: services.settings: Allow by setting MOZ_REMOTE_SETTINGS_DEVTOOLS=1 in the environment
1678688690560	Marionette	INFO	Marionette enabled
Dynamically enable window occlusion 0
1678688690565	Marionette	INFO	Listening on port 57662
Read port: 57662
1678688690939	RemoteAgent	WARN	TLS certificate errors will be ignored for this session
console.warn: SearchSettings: "get: No settings file exists, new profile?" (new NotFoundError("Could not open the file at C:\\Users\\SHAHID~1\\AppData\\Local\\Temp\\rust_mozprofile6esDK2\\search.json.mozlz4", (void 0)))
Mar 13, 2023 11:54:52 AM org.openqa.selenium.remote.ProtocolHandshake createSession
INFO: Detected dialect: W3C
1678688700098	Marionette	WARN	Ignoring event 'DOMContentLoaded' because document has an invalid readyState of 'complete'.
JavaScript warning: https://accounts.simplilearn.com/user/login?redirect_url=https%3A%2F%2Flms.simplilearn.com%2F, line 748: unreachable code after return statement
1678688702525	Marionette	WARN	Ignoring event 'pageshow' because document has an invalid readyState of 'interactive'.
JavaScript error: https://cfaccounts.simplicdn.net/core/js/utility.1660046122.js, line 71: SyntaxError: JSON.parse: unexpected character at line 1 column 1 of the JSON data
console.warn: LoginRecipes: "Falling back to a synchronous message for: https://accounts.simplilearn.com."
console.warn: LoginRecipes: "Falling back to a synchronous message for: https://accounts.simplilearn.com."
JavaScript warning: https://accounts.simplilearn.com/user/login?redirect_url=https%3A%2F%2Flms.simplilearn.com%2F, line 748: unreachable code after return statement
1678688708642	Marionette	WARN	Ignoring event 'pageshow' because document has an invalid readyState of 'interactive'.
JavaScript error: https://cfaccounts.simplicdn.net/core/js/utility.1660046122.js, line 71: SyntaxError: JSON.parse: unexpected character at line 1 column 1 of the JSON data
]]></system-err>
  </testcase>
</testsuite>